2026-01-31 21:17:03 - root - INFO - Logging to file: logs/collector_20260131_211703.log
2026-01-31 21:17:03 - root - INFO - Logging configured with level: INFO
2026-01-31 21:17:03 - __main__ - INFO - ================================================================================
2026-01-31 21:17:03 - __main__ - INFO - GitHub Commit Data Collector Starting
2026-01-31 21:17:03 - __main__ - INFO - ================================================================================
2026-01-31 21:17:03 - config_manager - INFO - Loaded environment variables from .env
2026-01-31 21:17:03 - config_manager - INFO - Loaded configuration from config/repositories.yaml
2026-01-31 21:17:03 - github_client - INFO - GitHub API client initialized
2026-01-31 21:17:03 - config_manager - INFO - Loaded configuration from config/teams.yaml
2026-01-31 21:17:03 - team_mapper - INFO - Team mapper initialized with 10 user mappings
2026-01-31 21:17:03 - commit_processor - INFO - Commit processor initialized
2026-01-31 21:17:03 - data_collector - INFO - Branch auto-detection enabled
2026-01-31 21:17:03 - data_collector - INFO - Data collector initialized
2026-01-31 21:17:03 - config_manager - INFO - Loaded configuration from config/repositories.yaml
2026-01-31 21:17:03 - __main__ - INFO - Collecting commits from 1 repository(ies)
2026-01-31 21:17:03 - __main__ - INFO - Active filters: {'date_from': None, 'date_to': None, 'authors': [], 'teams': []}
2026-01-31 21:17:03 - github_client - INFO - Fetching commits from omsingh10/COHERENCE-25_ORPS_WebApp (branch: main)
2026-01-31 21:17:04 - github_client - ERROR - HTTP error for https://api.github.com/repos/omsingh10/COHERENCE-25_ORPS_WebApp/commits: 404 Client Error: Not Found for url: https://api.github.com/repos/omsingh10/COHERENCE-25_ORPS_WebApp/commits?sha=main&per_page=1&page=1
2026-01-31 21:17:07 - github_client - ERROR - HTTP error for https://api.github.com/repos/omsingh10/COHERENCE-25_ORPS_WebApp/commits: 404 Client Error: Not Found for url: https://api.github.com/repos/omsingh10/COHERENCE-25_ORPS_WebApp/commits?sha=main&per_page=1&page=1
2026-01-31 21:17:09 - github_client - ERROR - HTTP error for https://api.github.com/repos/omsingh10/COHERENCE-25_ORPS_WebApp/commits: 404 Client Error: Not Found for url: https://api.github.com/repos/omsingh10/COHERENCE-25_ORPS_WebApp/commits?sha=main&per_page=1&page=1
2026-01-31 21:17:09 - branch_detector - WARNING - Preferred branch 'main' not found for omsingh10/COHERENCE-25_ORPS_WebApp
2026-01-31 21:17:09 - github_client - INFO - Fetching repository info: omsingh10/COHERENCE-25_ORPS_WebApp
2026-01-31 21:17:10 - branch_detector - INFO - Detected default branch for omsingh10/COHERENCE-25_ORPS_WebApp: master
2026-01-31 21:17:10 - github_client - INFO - Fetching commits from omsingh10/COHERENCE-25_ORPS_WebApp (branch: master)
2026-01-31 21:17:24 - github_client - INFO - Total commits fetched: 17
2026-01-31 21:17:24 - branch_detector - INFO - Using default branch 'master' for omsingh10/COHERENCE-25_ORPS_WebApp
2026-01-31 21:17:24 - data_collector - INFO - Collecting commits from omsingh10/COHERENCE-25_ORPS_WebApp (branch: master)
2026-01-31 21:17:24 - github_client - INFO - Fetching repository info: omsingh10/COHERENCE-25_ORPS_WebApp
2026-01-31 21:17:25 - github_client - INFO - Fetching commits from omsingh10/COHERENCE-25_ORPS_WebApp (branch: master)
2026-01-31 21:17:25 - github_client - INFO - Total commits fetched: 17
2026-01-31 21:17:25 - data_collector - INFO - Fetching detailed data for 17 commits...
2026-01-31 21:17:41 - commit_processor - INFO - Processed 17 commits for omsingh10/COHERENCE-25_ORPS_WebApp
2026-01-31 21:17:41 - data_collector - INFO - Successfully collected 17 commits from omsingh10/COHERENCE-25_ORPS_WebApp
2026-01-31 21:17:41 - data_collector - INFO - Collected total of 17 commits from 1 repositories
2026-01-31 21:17:41 - commit_processor - INFO - Commit processor initialized
2026-01-31 21:17:41 - data_collector - INFO - Calculated statistics for 1 repositories
2026-01-31 21:17:41 - data_exporter - INFO - Data exporter initialized with output directory: output
2026-01-31 21:17:41 - __main__ - INFO - ================================================================================
2026-01-31 21:17:41 - __main__ - INFO - Exporting Data
2026-01-31 21:17:41 - __main__ - INFO - ================================================================================
2026-01-31 21:17:41 - data_exporter - INFO - Exported 17 commits to JSON: output/commits_20260131_211741.json
2026-01-31 21:17:41 - data_exporter - INFO - Exported collection summary: output/collection_summary_20260131_211741.json
2026-01-31 21:17:41 - data_exporter - INFO - Exported team summary: output/team_summary_20260131_211741.json
2026-01-31 21:17:41 - data_exporter - INFO - Exported statistics for 1 repositories: output/repository_stats_20260131_211741.json
2026-01-31 21:17:41 - __main__ - INFO - ================================================================================
2026-01-31 21:17:41 - __main__ - INFO - Collection Complete!
2026-01-31 21:17:41 - __main__ - INFO - ================================================================================
2026-01-31 21:17:41 - __main__ - INFO - Total commits collected: 17
2026-01-31 21:17:41 - __main__ - INFO - Repositories processed: 1
2026-01-31 21:17:41 - __main__ - INFO - Output files created: 4
2026-01-31 21:17:41 - __main__ - INFO -   - output/commits_20260131_211741.json
2026-01-31 21:17:41 - __main__ - INFO -   - output/collection_summary_20260131_211741.json
2026-01-31 21:17:41 - __main__ - INFO -   - output/team_summary_20260131_211741.json
2026-01-31 21:17:41 - __main__ - INFO -   - output/repository_stats_20260131_211741.json
2026-01-31 21:17:41 - __main__ - INFO - ================================================================================
