2026-01-30 21:52:44 - root - INFO - Logging to file: logs/collector_20260130_215244.log
2026-01-30 21:52:44 - root - INFO - Logging configured with level: INFO
2026-01-30 21:52:44 - __main__ - INFO - ================================================================================
2026-01-30 21:52:44 - __main__ - INFO - GitHub Commit Data Collector Starting
2026-01-30 21:52:44 - __main__ - INFO - ================================================================================
2026-01-30 21:52:44 - config_manager - INFO - Loaded environment variables from .env
2026-01-30 21:52:44 - config_manager - INFO - Loaded configuration from config/repositories.yaml
2026-01-30 21:52:44 - github_client - INFO - GitHub API client initialized
2026-01-30 21:52:44 - config_manager - INFO - Loaded configuration from config/teams.yaml
2026-01-30 21:52:44 - team_mapper - INFO - Team mapper initialized with 10 user mappings
2026-01-30 21:52:44 - commit_processor - INFO - Commit processor initialized
2026-01-30 21:52:44 - data_collector - INFO - Data collector initialized
2026-01-30 21:52:44 - config_manager - INFO - Loaded configuration from config/repositories.yaml
2026-01-30 21:52:44 - __main__ - INFO - Collecting commits from 1 repository(ies)
2026-01-30 21:52:44 - __main__ - INFO - Active filters: {'date_from': '2024-11-01', 'date_to': None, 'authors': [], 'teams': []}
2026-01-30 21:52:44 - data_collector - INFO - Collecting commits from facebook/react (branch: main)
2026-01-30 21:52:44 - github_client - INFO - Fetching repository info: facebook/react
2026-01-30 21:52:45 - github_client - INFO - Fetching commits from facebook/react (branch: main)
2026-01-30 21:53:08 - github_client - INFO - Total commits fetched: 1697
2026-01-30 21:53:08 - commit_processor - INFO - Processed 1697 commits for facebook/react
2026-01-30 21:53:08 - data_collector - INFO - Successfully collected 1697 commits from facebook/react
2026-01-30 21:53:08 - data_collector - INFO - Collected total of 1697 commits from 1 repositories
2026-01-30 21:53:08 - commit_processor - INFO - Commit processor initialized
2026-01-30 21:53:08 - data_collector - INFO - Calculated statistics for 1 repositories
2026-01-30 21:53:08 - data_exporter - INFO - Data exporter initialized with output directory: output
2026-01-30 21:53:08 - __main__ - INFO - ================================================================================
2026-01-30 21:53:08 - __main__ - INFO - Exporting Data
2026-01-30 21:53:08 - __main__ - INFO - ================================================================================
2026-01-30 21:53:08 - data_exporter - INFO - Exported 1697 commits to CSV: output/commits_20260130_215308.csv
2026-01-30 21:53:08 - data_exporter - INFO - Exported statistics for 1 repositories: output/repository_stats_20260130_215308.json
2026-01-30 21:53:08 - __main__ - INFO - ================================================================================
2026-01-30 21:53:08 - __main__ - INFO - Collection Complete!
2026-01-30 21:53:08 - __main__ - INFO - ================================================================================
2026-01-30 21:53:08 - __main__ - INFO - Total commits collected: 1697
2026-01-30 21:53:08 - __main__ - INFO - Repositories processed: 1
2026-01-30 21:53:08 - __main__ - INFO - Output files created: 2
2026-01-30 21:53:08 - __main__ - INFO -   - output/commits_20260130_215308.csv
2026-01-30 21:53:08 - __main__ - INFO -   - output/repository_stats_20260130_215308.json
2026-01-30 21:53:08 - __main__ - INFO - ================================================================================
