2026-01-31 21:26:16 - root - INFO - Logging to file: logs/collector_20260131_212616.log
2026-01-31 21:26:16 - root - INFO - Logging configured with level: INFO
2026-01-31 21:26:16 - __main__ - INFO - ================================================================================
2026-01-31 21:26:16 - __main__ - INFO - GitHub Commit Data Collector Starting
2026-01-31 21:26:16 - __main__ - INFO - ================================================================================
2026-01-31 21:26:16 - config_manager - INFO - Loaded environment variables from .env
2026-01-31 21:26:16 - config_manager - INFO - Loaded configuration from config/repositories.yaml
2026-01-31 21:26:16 - github_client - INFO - GitHub API client initialized
2026-01-31 21:26:16 - config_manager - INFO - Loaded configuration from config/teams.yaml
2026-01-31 21:26:16 - team_mapper - INFO - Team mapper initialized with 10 user mappings
2026-01-31 21:26:16 - commit_processor - INFO - Commit processor initialized
2026-01-31 21:26:16 - data_collector - INFO - Branch auto-detection enabled
2026-01-31 21:26:16 - data_collector - INFO - Data collector initialized
2026-01-31 21:26:16 - config_manager - INFO - Loaded configuration from config/repositories.yaml
2026-01-31 21:26:16 - __main__ - INFO - Collecting commits from 1 repository(ies)
2026-01-31 21:26:16 - __main__ - INFO - Active filters: {'date_from': None, 'date_to': None, 'authors': [], 'teams': []}
2026-01-31 21:26:16 - github_client - INFO - Fetching commits from Shield-without-sword/COHERENCE-25_Shield-without-Sword_AI-ML (branch: main)
2026-01-31 21:26:41 - github_client - INFO - Total commits fetched: 31
2026-01-31 21:26:41 - branch_detector - INFO - Using preferred branch 'main' for Shield-without-sword/COHERENCE-25_Shield-without-Sword_AI-ML
2026-01-31 21:26:41 - data_collector - INFO - Collecting commits from Shield-without-sword/COHERENCE-25_Shield-without-Sword_AI-ML (branch: main)
2026-01-31 21:26:41 - github_client - INFO - Fetching repository info: Shield-without-sword/COHERENCE-25_Shield-without-Sword_AI-ML
2026-01-31 21:26:41 - github_client - INFO - Fetching commits from Shield-without-sword/COHERENCE-25_Shield-without-Sword_AI-ML (branch: main)
2026-01-31 21:26:42 - github_client - INFO - Total commits fetched: 31
2026-01-31 21:26:42 - data_collector - INFO - Fetching detailed data for 31 commits...
2026-01-31 21:27:06 - commit_processor - INFO - Processed 31 commits for Shield-without-sword/COHERENCE-25_Shield-without-Sword_AI-ML
2026-01-31 21:27:06 - data_collector - INFO - Successfully collected 31 commits from Shield-without-sword/COHERENCE-25_Shield-without-Sword_AI-ML
2026-01-31 21:27:06 - data_collector - INFO - Collected total of 31 commits from 1 repositories
2026-01-31 21:27:06 - commit_processor - INFO - Commit processor initialized
2026-01-31 21:27:06 - data_collector - INFO - Calculated statistics for 1 repositories
2026-01-31 21:27:06 - data_exporter - INFO - Data exporter initialized with output directory: output
2026-01-31 21:27:06 - __main__ - INFO - ================================================================================
2026-01-31 21:27:06 - __main__ - INFO - Exporting Data
2026-01-31 21:27:06 - __main__ - INFO - ================================================================================
2026-01-31 21:27:06 - data_exporter - INFO - Exported 31 commits to JSON: output/commits_20260131_212706.json
2026-01-31 21:27:06 - data_exporter - INFO - Exported collection summary: output/collection_summary_20260131_212706.json
2026-01-31 21:27:06 - data_exporter - INFO - Exported team summary: output/team_summary_20260131_212706.json
2026-01-31 21:27:06 - data_exporter - INFO - Exported statistics for 1 repositories: output/repository_stats_20260131_212706.json
2026-01-31 21:27:06 - __main__ - INFO - ================================================================================
2026-01-31 21:27:06 - __main__ - INFO - Collection Complete!
2026-01-31 21:27:06 - __main__ - INFO - ================================================================================
2026-01-31 21:27:06 - __main__ - INFO - Total commits collected: 31
2026-01-31 21:27:06 - __main__ - INFO - Repositories processed: 1
2026-01-31 21:27:06 - __main__ - INFO - Output files created: 4
2026-01-31 21:27:06 - __main__ - INFO -   - output/commits_20260131_212706.json
2026-01-31 21:27:06 - __main__ - INFO -   - output/collection_summary_20260131_212706.json
2026-01-31 21:27:06 - __main__ - INFO -   - output/team_summary_20260131_212706.json
2026-01-31 21:27:06 - __main__ - INFO -   - output/repository_stats_20260131_212706.json
2026-01-31 21:27:06 - __main__ - INFO - ================================================================================
