2026-01-31 20:55:21 - root - INFO - Logging to file: logs/collector_20260131_205521.log
2026-01-31 20:55:21 - root - INFO - Logging configured with level: INFO
2026-01-31 20:55:21 - __main__ - INFO - ================================================================================
2026-01-31 20:55:21 - __main__ - INFO - GitHub Commit Data Collector Starting
2026-01-31 20:55:21 - __main__ - INFO - ================================================================================
2026-01-31 20:55:21 - config_manager - INFO - Loaded environment variables from .env
2026-01-31 20:55:21 - config_manager - INFO - Loaded configuration from config/repositories.yaml
2026-01-31 20:55:21 - github_client - INFO - GitHub API client initialized
2026-01-31 20:55:21 - config_manager - INFO - Loaded configuration from config/teams.yaml
2026-01-31 20:55:21 - team_mapper - INFO - Team mapper initialized with 10 user mappings
2026-01-31 20:55:21 - commit_processor - INFO - Commit processor initialized
2026-01-31 20:55:21 - data_collector - INFO - Data collector initialized
2026-01-31 20:55:21 - config_manager - INFO - Loaded configuration from config/repositories.yaml
2026-01-31 20:55:21 - __main__ - INFO - Collecting commits from 1 repository(ies)
2026-01-31 20:55:21 - __main__ - INFO - Active filters: {'date_from': None, 'date_to': None, 'authors': [], 'teams': []}
2026-01-31 20:55:21 - data_collector - INFO - Collecting commits from nishant-bhandigare/Coherence25_SacredScripts_WebApp (branch: main)
2026-01-31 20:55:21 - github_client - INFO - Fetching repository info: nishant-bhandigare/Coherence25_SacredScripts_WebApp
2026-01-31 20:55:22 - github_client - INFO - Fetching commits from nishant-bhandigare/Coherence25_SacredScripts_WebApp (branch: main)
2026-01-31 20:55:23 - github_client - INFO - Total commits fetched: 16
2026-01-31 20:55:23 - data_collector - INFO - Fetching detailed data for 16 commits...
2026-01-31 20:55:38 - commit_processor - INFO - Processed 16 commits for nishant-bhandigare/Coherence25_SacredScripts_WebApp
2026-01-31 20:55:38 - data_collector - INFO - Successfully collected 16 commits from nishant-bhandigare/Coherence25_SacredScripts_WebApp
2026-01-31 20:55:38 - data_collector - INFO - Collected total of 16 commits from 1 repositories
2026-01-31 20:55:38 - commit_processor - INFO - Commit processor initialized
2026-01-31 20:55:38 - data_collector - INFO - Calculated statistics for 1 repositories
2026-01-31 20:55:38 - data_exporter - INFO - Data exporter initialized with output directory: output
2026-01-31 20:55:38 - __main__ - INFO - ================================================================================
2026-01-31 20:55:38 - __main__ - INFO - Exporting Data
2026-01-31 20:55:38 - __main__ - INFO - ================================================================================
2026-01-31 20:55:38 - data_exporter - INFO - Exported 16 commits to JSON: output/commits_20260131_205538.json
2026-01-31 20:55:38 - data_exporter - INFO - Exported collection summary: output/collection_summary_20260131_205538.json
2026-01-31 20:55:38 - data_exporter - INFO - Exported team summary: output/team_summary_20260131_205538.json
2026-01-31 20:55:38 - data_exporter - INFO - Exported statistics for 1 repositories: output/repository_stats_20260131_205538.json
2026-01-31 20:55:38 - __main__ - INFO - ================================================================================
2026-01-31 20:55:38 - __main__ - INFO - Collection Complete!
2026-01-31 20:55:38 - __main__ - INFO - ================================================================================
2026-01-31 20:55:38 - __main__ - INFO - Total commits collected: 16
2026-01-31 20:55:38 - __main__ - INFO - Repositories processed: 1
2026-01-31 20:55:38 - __main__ - INFO - Output files created: 4
2026-01-31 20:55:38 - __main__ - INFO -   - output/commits_20260131_205538.json
2026-01-31 20:55:38 - __main__ - INFO -   - output/collection_summary_20260131_205538.json
2026-01-31 20:55:38 - __main__ - INFO -   - output/team_summary_20260131_205538.json
2026-01-31 20:55:38 - __main__ - INFO -   - output/repository_stats_20260131_205538.json
2026-01-31 20:55:38 - __main__ - INFO - ================================================================================
