2026-01-31 20:54:02 - root - INFO - Logging to file: logs/collector_20260131_205402.log
2026-01-31 20:54:02 - root - INFO - Logging configured with level: INFO
2026-01-31 20:54:02 - __main__ - INFO - ================================================================================
2026-01-31 20:54:02 - __main__ - INFO - GitHub Commit Data Collector Starting
2026-01-31 20:54:02 - __main__ - INFO - ================================================================================
2026-01-31 20:54:02 - config_manager - INFO - Loaded environment variables from .env
2026-01-31 20:54:02 - config_manager - INFO - Loaded configuration from config/repositories.yaml
2026-01-31 20:54:02 - github_client - INFO - GitHub API client initialized
2026-01-31 20:54:02 - config_manager - INFO - Loaded configuration from config/teams.yaml
2026-01-31 20:54:02 - team_mapper - INFO - Team mapper initialized with 10 user mappings
2026-01-31 20:54:02 - commit_processor - INFO - Commit processor initialized
2026-01-31 20:54:02 - data_collector - INFO - Data collector initialized
2026-01-31 20:54:02 - config_manager - INFO - Loaded configuration from config/repositories.yaml
2026-01-31 20:54:02 - __main__ - INFO - Collecting commits from 1 repository(ies)
2026-01-31 20:54:02 - __main__ - INFO - Active filters: {'date_from': None, 'date_to': None, 'authors': [], 'teams': []}
2026-01-31 20:54:02 - data_collector - INFO - Collecting commits from omsingh10/COHERENCE-25_ORPS_WebApp (branch: main)
2026-01-31 20:54:02 - github_client - INFO - Fetching repository info: omsingh10/COHERENCE-25_ORPS_WebApp
2026-01-31 20:54:03 - github_client - INFO - Fetching commits from omsingh10/COHERENCE-25_ORPS_WebApp (branch: main)
2026-01-31 20:54:04 - github_client - ERROR - HTTP error for https://api.github.com/repos/omsingh10/COHERENCE-25_ORPS_WebApp/commits: 404 Client Error: Not Found for url: https://api.github.com/repos/omsingh10/COHERENCE-25_ORPS_WebApp/commits?sha=main&per_page=100&page=1
2026-01-31 20:54:07 - github_client - ERROR - HTTP error for https://api.github.com/repos/omsingh10/COHERENCE-25_ORPS_WebApp/commits: 404 Client Error: Not Found for url: https://api.github.com/repos/omsingh10/COHERENCE-25_ORPS_WebApp/commits?sha=main&per_page=100&page=1
2026-01-31 20:54:10 - github_client - ERROR - HTTP error for https://api.github.com/repos/omsingh10/COHERENCE-25_ORPS_WebApp/commits: 404 Client Error: Not Found for url: https://api.github.com/repos/omsingh10/COHERENCE-25_ORPS_WebApp/commits?sha=main&per_page=100&page=1
2026-01-31 20:54:10 - data_collector - ERROR - Error collecting commits from https://github.com/omsingh10/COHERENCE-25_ORPS_WebApp: RetryError[<Future at 0x12fcde8d0 state=finished raised HTTPError>]
2026-01-31 20:54:10 - data_collector - ERROR - Failed to collect from repository https://github.com/omsingh10/COHERENCE-25_ORPS_WebApp: RetryError[<Future at 0x12fcde8d0 state=finished raised HTTPError>]
2026-01-31 20:54:10 - data_collector - INFO - Collected total of 0 commits from 1 repositories
2026-01-31 20:54:10 - __main__ - WARNING - No commits collected!
